ARM GAS  C:\Users\HolmesPC\AppData\Local\Temp\ccxm5Brp.s 			page 1


   1              		.cpu cortex-m3
   2              		.arch armv7-m
   3              		.fpu softvfp
   4              		.eabi_attribute 20, 1
   5              		.eabi_attribute 21, 1
   6              		.eabi_attribute 23, 3
   7              		.eabi_attribute 24, 1
   8              		.eabi_attribute 25, 1
   9              		.eabi_attribute 26, 1
  10              		.eabi_attribute 30, 1
  11              		.eabi_attribute 34, 1
  12              		.eabi_attribute 18, 4
  13              		.file	"main.c"
  14              		.text
  15              	.Ltext0:
  16              		.cfi_sections	.debug_frame
  17              		.section	.text.MX_GPIO_Init,"ax",%progbits
  18              		.align	1
  19              		.syntax unified
  20              		.thumb
  21              		.thumb_func
  23              	MX_GPIO_Init:
  24              	.LFB68:
  25              		.file 1 "Core/Src/main.c"
   1:Core/Src/main.c **** /* USER CODE BEGIN Header */
   2:Core/Src/main.c **** /**
   3:Core/Src/main.c ****   ******************************************************************************
   4:Core/Src/main.c ****   * @file           : main.c
   5:Core/Src/main.c ****   * @brief          : Main program body
   6:Core/Src/main.c ****   ******************************************************************************
   7:Core/Src/main.c ****   * @attention
   8:Core/Src/main.c ****   *
   9:Core/Src/main.c ****   * Copyright (c) 2026 STMicroelectronics.
  10:Core/Src/main.c ****   * All rights reserved.
  11:Core/Src/main.c ****   *
  12:Core/Src/main.c ****   * This software is licensed under terms that can be found in the LICENSE file
  13:Core/Src/main.c ****   * in the root directory of this software component.
  14:Core/Src/main.c ****   * If no LICENSE file comes with this software, it is provided AS-IS.
  15:Core/Src/main.c ****   *
  16:Core/Src/main.c ****   ******************************************************************************
  17:Core/Src/main.c ****   */
  18:Core/Src/main.c **** /* USER CODE END Header */
  19:Core/Src/main.c **** /* Includes ------------------------------------------------------------------*/
  20:Core/Src/main.c **** #include "main.h"
  21:Core/Src/main.c **** #include "lcd20x4.h"
  22:Core/Src/main.c **** #include "rs485.h"
  23:Core/Src/main.c **** 
  24:Core/Src/main.c **** /* Private includes ----------------------------------------------------------*/
  25:Core/Src/main.c **** /* USER CODE BEGIN Includes */
  26:Core/Src/main.c **** 
  27:Core/Src/main.c **** /* USER CODE END Includes */
  28:Core/Src/main.c **** 
  29:Core/Src/main.c **** /* Private typedef -----------------------------------------------------------*/
  30:Core/Src/main.c **** /* USER CODE BEGIN PTD */
  31:Core/Src/main.c **** 
  32:Core/Src/main.c **** /* USER CODE END PTD */
  33:Core/Src/main.c **** 
ARM GAS  C:\Users\HolmesPC\AppData\Local\Temp\ccxm5Brp.s 			page 2


  34:Core/Src/main.c **** /* Private define ------------------------------------------------------------*/
  35:Core/Src/main.c **** /* USER CODE BEGIN PD */
  36:Core/Src/main.c **** 
  37:Core/Src/main.c **** /* USER CODE END PD */
  38:Core/Src/main.c **** 
  39:Core/Src/main.c **** /* Private macro -------------------------------------------------------------*/
  40:Core/Src/main.c **** /* USER CODE BEGIN PM */
  41:Core/Src/main.c **** 
  42:Core/Src/main.c **** /* USER CODE END PM */
  43:Core/Src/main.c **** 
  44:Core/Src/main.c **** /* Private variables ---------------------------------------------------------*/
  45:Core/Src/main.c **** UART_HandleTypeDef huart1;
  46:Core/Src/main.c **** 
  47:Core/Src/main.c **** /* USER CODE BEGIN PV */
  48:Core/Src/main.c **** 
  49:Core/Src/main.c **** /* USER CODE END PV */
  50:Core/Src/main.c **** 
  51:Core/Src/main.c **** /* Private function prototypes -----------------------------------------------*/
  52:Core/Src/main.c **** void SystemClock_Config(void);
  53:Core/Src/main.c **** static void MX_GPIO_Init(void);
  54:Core/Src/main.c **** static void MX_USART1_UART_Init(void);
  55:Core/Src/main.c **** /* USER CODE BEGIN PFP */
  56:Core/Src/main.c **** 
  57:Core/Src/main.c **** /* USER CODE END PFP */
  58:Core/Src/main.c **** 
  59:Core/Src/main.c **** /* Private user code ---------------------------------------------------------*/
  60:Core/Src/main.c **** /* USER CODE BEGIN 0 */
  61:Core/Src/main.c **** 
  62:Core/Src/main.c **** /* USER CODE END 0 */
  63:Core/Src/main.c **** 
  64:Core/Src/main.c **** /**
  65:Core/Src/main.c ****   * @brief  The application entry point.
  66:Core/Src/main.c ****   * @retval int
  67:Core/Src/main.c ****   */
  68:Core/Src/main.c **** int main(void)
  69:Core/Src/main.c **** {
  70:Core/Src/main.c **** 
  71:Core/Src/main.c ****   /* USER CODE BEGIN 1 */
  72:Core/Src/main.c **** 
  73:Core/Src/main.c ****   /* USER CODE END 1 */
  74:Core/Src/main.c **** 
  75:Core/Src/main.c ****   /* MCU Configuration--------------------------------------------------------*/
  76:Core/Src/main.c **** 
  77:Core/Src/main.c ****   /* Reset of all peripherals, Initializes the Flash interface and the Systick. */
  78:Core/Src/main.c ****   HAL_Init();
  79:Core/Src/main.c **** 
  80:Core/Src/main.c ****   /* USER CODE BEGIN Init */
  81:Core/Src/main.c **** 
  82:Core/Src/main.c ****   /* USER CODE END Init */
  83:Core/Src/main.c **** 
  84:Core/Src/main.c ****   /* Configure the system clock */
  85:Core/Src/main.c ****   SystemClock_Config();
  86:Core/Src/main.c **** 
  87:Core/Src/main.c ****   /* USER CODE BEGIN SysInit */
  88:Core/Src/main.c **** 
  89:Core/Src/main.c ****   /* USER CODE END SysInit */
  90:Core/Src/main.c **** 
ARM GAS  C:\Users\HolmesPC\AppData\Local\Temp\ccxm5Brp.s 			page 3


  91:Core/Src/main.c ****   /* Initialize all configured peripherals */
  92:Core/Src/main.c ****   MX_GPIO_Init();
  93:Core/Src/main.c ****   MX_USART1_UART_Init();
  94:Core/Src/main.c ****   /* USER CODE BEGIN 2 */
  95:Core/Src/main.c **** 
  96:Core/Src/main.c ****   LCD_Init();
  97:Core/Src/main.c ****   
  98:Core/Src/main.c ****   LCD_SetCursor(0, 0); 
  99:Core/Src/main.c ****   LCD_String("He thong RS485 OK");
 100:Core/Src/main.c **** 
 101:Core/Src/main.c ****   RS485_Init();
 102:Core/Src/main.c ****   RS485_SendString("Hello from STM32 over RS485!\r\n");
 103:Core/Src/main.c **** 
 104:Core/Src/main.c ****   /* USER CODE END 2 */
 105:Core/Src/main.c **** 
 106:Core/Src/main.c ****   /* Infinite loop */
 107:Core/Src/main.c ****   /* USER CODE BEGIN WHILE */
 108:Core/Src/main.c ****   while (1)
 109:Core/Src/main.c ****   {
 110:Core/Src/main.c ****     /* USER CODE END WHILE */
 111:Core/Src/main.c **** 
 112:Core/Src/main.c ****     /* USER CODE BEGIN 3 */
 113:Core/Src/main.c ****   }
 114:Core/Src/main.c ****   /* USER CODE END 3 */
 115:Core/Src/main.c **** }
 116:Core/Src/main.c **** 
 117:Core/Src/main.c **** /**
 118:Core/Src/main.c ****   * @brief System Clock Configuration
 119:Core/Src/main.c ****   * @retval None
 120:Core/Src/main.c ****   */
 121:Core/Src/main.c **** void SystemClock_Config(void)
 122:Core/Src/main.c **** {
 123:Core/Src/main.c ****   RCC_OscInitTypeDef RCC_OscInitStruct = {0};
 124:Core/Src/main.c ****   RCC_ClkInitTypeDef RCC_ClkInitStruct = {0};
 125:Core/Src/main.c **** 
 126:Core/Src/main.c ****   /** Initializes the RCC Oscillators according to the specified parameters
 127:Core/Src/main.c ****   * in the RCC_OscInitTypeDef structure.
 128:Core/Src/main.c ****   */
 129:Core/Src/main.c ****   RCC_OscInitStruct.OscillatorType = RCC_OSCILLATORTYPE_HSI;
 130:Core/Src/main.c ****   RCC_OscInitStruct.HSIState = RCC_HSI_ON;
 131:Core/Src/main.c ****   RCC_OscInitStruct.HSICalibrationValue = RCC_HSICALIBRATION_DEFAULT;
 132:Core/Src/main.c ****   RCC_OscInitStruct.PLL.PLLState = RCC_PLL_ON;
 133:Core/Src/main.c ****   RCC_OscInitStruct.PLL.PLLSource = RCC_PLLSOURCE_HSI_DIV2;
 134:Core/Src/main.c ****   RCC_OscInitStruct.PLL.PLLMUL = RCC_PLL_MUL9;
 135:Core/Src/main.c ****   if (HAL_RCC_OscConfig(&RCC_OscInitStruct) != HAL_OK)
 136:Core/Src/main.c ****   {
 137:Core/Src/main.c ****     Error_Handler();
 138:Core/Src/main.c ****   }
 139:Core/Src/main.c **** 
 140:Core/Src/main.c ****   /** Initializes the CPU, AHB and APB buses clocks
 141:Core/Src/main.c ****   */
 142:Core/Src/main.c ****   RCC_ClkInitStruct.ClockType = RCC_CLOCKTYPE_HCLK|RCC_CLOCKTYPE_SYSCLK
 143:Core/Src/main.c ****                               |RCC_CLOCKTYPE_PCLK1|RCC_CLOCKTYPE_PCLK2;
 144:Core/Src/main.c ****   RCC_ClkInitStruct.SYSCLKSource = RCC_SYSCLKSOURCE_PLLCLK;
 145:Core/Src/main.c ****   RCC_ClkInitStruct.AHBCLKDivider = RCC_SYSCLK_DIV1;
 146:Core/Src/main.c ****   RCC_ClkInitStruct.APB1CLKDivider = RCC_HCLK_DIV2;
 147:Core/Src/main.c ****   RCC_ClkInitStruct.APB2CLKDivider = RCC_HCLK_DIV1;
ARM GAS  C:\Users\HolmesPC\AppData\Local\Temp\ccxm5Brp.s 			page 4


 148:Core/Src/main.c **** 
 149:Core/Src/main.c ****   if (HAL_RCC_ClockConfig(&RCC_ClkInitStruct, FLASH_LATENCY_1) != HAL_OK)
 150:Core/Src/main.c ****   {
 151:Core/Src/main.c ****     Error_Handler();
 152:Core/Src/main.c ****   }
 153:Core/Src/main.c **** }
 154:Core/Src/main.c **** 
 155:Core/Src/main.c **** /**
 156:Core/Src/main.c ****   * @brief USART1 Initialization Function
 157:Core/Src/main.c ****   * @param None
 158:Core/Src/main.c ****   * @retval None
 159:Core/Src/main.c ****   */
 160:Core/Src/main.c **** static void MX_USART1_UART_Init(void)
 161:Core/Src/main.c **** {
 162:Core/Src/main.c **** 
 163:Core/Src/main.c ****   /* USER CODE BEGIN USART1_Init 0 */
 164:Core/Src/main.c **** 
 165:Core/Src/main.c ****   /* USER CODE END USART1_Init 0 */
 166:Core/Src/main.c **** 
 167:Core/Src/main.c ****   /* USER CODE BEGIN USART1_Init 1 */
 168:Core/Src/main.c **** 
 169:Core/Src/main.c ****   /* USER CODE END USART1_Init 1 */
 170:Core/Src/main.c ****   huart1.Instance = USART1;
 171:Core/Src/main.c ****   huart1.Init.BaudRate = 115200;
 172:Core/Src/main.c ****   huart1.Init.WordLength = UART_WORDLENGTH_8B;
 173:Core/Src/main.c ****   huart1.Init.StopBits = UART_STOPBITS_1;
 174:Core/Src/main.c ****   huart1.Init.Parity = UART_PARITY_NONE;
 175:Core/Src/main.c ****   huart1.Init.Mode = UART_MODE_TX_RX;
 176:Core/Src/main.c ****   huart1.Init.HwFlowCtl = UART_HWCONTROL_NONE;
 177:Core/Src/main.c ****   huart1.Init.OverSampling = UART_OVERSAMPLING_16;
 178:Core/Src/main.c ****   if (HAL_UART_Init(&huart1) != HAL_OK)
 179:Core/Src/main.c ****   {
 180:Core/Src/main.c ****     Error_Handler();
 181:Core/Src/main.c ****   }
 182:Core/Src/main.c ****   /* USER CODE BEGIN USART1_Init 2 */
 183:Core/Src/main.c **** 
 184:Core/Src/main.c ****   /* USER CODE END USART1_Init 2 */
 185:Core/Src/main.c **** 
 186:Core/Src/main.c **** }
 187:Core/Src/main.c **** 
 188:Core/Src/main.c **** /**
 189:Core/Src/main.c ****   * @brief GPIO Initialization Function
 190:Core/Src/main.c ****   * @param None
 191:Core/Src/main.c ****   * @retval None
 192:Core/Src/main.c ****   */
 193:Core/Src/main.c **** static void MX_GPIO_Init(void)
 194:Core/Src/main.c **** {
  26              		.loc 1 194 1 view -0
  27              		.cfi_startproc
  28              		@ args = 0, pretend = 0, frame = 24
  29              		@ frame_needed = 0, uses_anonymous_args = 0
  30 0000 30B5     		push	{r4, r5, lr}
  31              	.LCFI0:
  32              		.cfi_def_cfa_offset 12
  33              		.cfi_offset 4, -12
  34              		.cfi_offset 5, -8
  35              		.cfi_offset 14, -4
ARM GAS  C:\Users\HolmesPC\AppData\Local\Temp\ccxm5Brp.s 			page 5


  36 0002 87B0     		sub	sp, sp, #28
  37              	.LCFI1:
  38              		.cfi_def_cfa_offset 40
 195:Core/Src/main.c ****   GPIO_InitTypeDef GPIO_InitStruct = {0};
  39              		.loc 1 195 3 view .LVU1
  40              		.loc 1 195 20 is_stmt 0 view .LVU2
  41 0004 0024     		movs	r4, #0
  42 0006 0294     		str	r4, [sp, #8]
  43 0008 0394     		str	r4, [sp, #12]
  44 000a 0494     		str	r4, [sp, #16]
  45 000c 0594     		str	r4, [sp, #20]
 196:Core/Src/main.c ****   /* USER CODE BEGIN MX_GPIO_Init_1 */
 197:Core/Src/main.c **** 
 198:Core/Src/main.c ****   /* USER CODE END MX_GPIO_Init_1 */
 199:Core/Src/main.c **** 
 200:Core/Src/main.c ****   /* GPIO Ports Clock Enable */
 201:Core/Src/main.c ****   __HAL_RCC_GPIOA_CLK_ENABLE();
  46              		.loc 1 201 3 is_stmt 1 view .LVU3
  47              	.LBB4:
  48              		.loc 1 201 3 view .LVU4
  49              		.loc 1 201 3 view .LVU5
  50 000e 0F4B     		ldr	r3, .L3
  51 0010 9A69     		ldr	r2, [r3, #24]
  52 0012 42F00402 		orr	r2, r2, #4
  53 0016 9A61     		str	r2, [r3, #24]
  54              		.loc 1 201 3 view .LVU6
  55 0018 9B69     		ldr	r3, [r3, #24]
  56 001a 03F00403 		and	r3, r3, #4
  57 001e 0193     		str	r3, [sp, #4]
  58              		.loc 1 201 3 view .LVU7
  59 0020 019B     		ldr	r3, [sp, #4]
  60              	.LBE4:
  61              		.loc 1 201 3 view .LVU8
 202:Core/Src/main.c **** 
 203:Core/Src/main.c ****   /*Configure GPIO pin Output Level */
 204:Core/Src/main.c ****   HAL_GPIO_WritePin(GPIOA, GPIO_PIN_1|GPIO_PIN_2|GPIO_PIN_3|GPIO_PIN_4
  62              		.loc 1 204 3 view .LVU9
  63 0022 0B4D     		ldr	r5, .L3+4
  64 0024 2246     		mov	r2, r4
  65 0026 4FF4BF71 		mov	r1, #382
  66 002a 2846     		mov	r0, r5
  67 002c FFF7FEFF 		bl	HAL_GPIO_WritePin
  68              	.LVL0:
 205:Core/Src/main.c ****                           |GPIO_PIN_5|GPIO_PIN_6|GPIO_PIN_8, GPIO_PIN_RESET);
 206:Core/Src/main.c **** 
 207:Core/Src/main.c ****   /*Configure GPIO pins : PA1 PA2 PA3 PA4
 208:Core/Src/main.c ****                            PA5 PA6 PA8 */
 209:Core/Src/main.c ****   GPIO_InitStruct.Pin = GPIO_PIN_1|GPIO_PIN_2|GPIO_PIN_3|GPIO_PIN_4
  69              		.loc 1 209 3 view .LVU10
  70              		.loc 1 209 23 is_stmt 0 view .LVU11
  71 0030 4FF4BF73 		mov	r3, #382
  72 0034 0293     		str	r3, [sp, #8]
 210:Core/Src/main.c ****                           |GPIO_PIN_5|GPIO_PIN_6|GPIO_PIN_8;
 211:Core/Src/main.c ****   GPIO_InitStruct.Mode = GPIO_MODE_OUTPUT_PP;
  73              		.loc 1 211 3 is_stmt 1 view .LVU12
  74              		.loc 1 211 24 is_stmt 0 view .LVU13
  75 0036 0123     		movs	r3, #1
ARM GAS  C:\Users\HolmesPC\AppData\Local\Temp\ccxm5Brp.s 			page 6


  76 0038 0393     		str	r3, [sp, #12]
 212:Core/Src/main.c ****   GPIO_InitStruct.Pull = GPIO_NOPULL;
  77              		.loc 1 212 3 is_stmt 1 view .LVU14
  78              		.loc 1 212 24 is_stmt 0 view .LVU15
  79 003a 0494     		str	r4, [sp, #16]
 213:Core/Src/main.c ****   GPIO_InitStruct.Speed = GPIO_SPEED_FREQ_LOW;
  80              		.loc 1 213 3 is_stmt 1 view .LVU16
  81              		.loc 1 213 25 is_stmt 0 view .LVU17
  82 003c 0223     		movs	r3, #2
  83 003e 0593     		str	r3, [sp, #20]
 214:Core/Src/main.c ****   HAL_GPIO_Init(GPIOA, &GPIO_InitStruct);
  84              		.loc 1 214 3 is_stmt 1 view .LVU18
  85 0040 02A9     		add	r1, sp, #8
  86 0042 2846     		mov	r0, r5
  87 0044 FFF7FEFF 		bl	HAL_GPIO_Init
  88              	.LVL1:
 215:Core/Src/main.c **** 
 216:Core/Src/main.c ****   /* USER CODE BEGIN MX_GPIO_Init_2 */
 217:Core/Src/main.c **** 
 218:Core/Src/main.c ****   /* USER CODE END MX_GPIO_Init_2 */
 219:Core/Src/main.c **** }
  89              		.loc 1 219 1 is_stmt 0 view .LVU19
  90 0048 07B0     		add	sp, sp, #28
  91              	.LCFI2:
  92              		.cfi_def_cfa_offset 12
  93              		@ sp needed
  94 004a 30BD     		pop	{r4, r5, pc}
  95              	.L4:
  96              		.align	2
  97              	.L3:
  98 004c 00100240 		.word	1073876992
  99 0050 00080140 		.word	1073809408
 100              		.cfi_endproc
 101              	.LFE68:
 103              		.section	.text.Error_Handler,"ax",%progbits
 104              		.align	1
 105              		.global	Error_Handler
 106              		.syntax unified
 107              		.thumb
 108              		.thumb_func
 110              	Error_Handler:
 111              	.LFB69:
 220:Core/Src/main.c **** 
 221:Core/Src/main.c **** /* USER CODE BEGIN 4 */
 222:Core/Src/main.c **** 
 223:Core/Src/main.c **** /* USER CODE END 4 */
 224:Core/Src/main.c **** 
 225:Core/Src/main.c **** /**
 226:Core/Src/main.c ****   * @brief  This function is executed in case of error occurrence.
 227:Core/Src/main.c ****   * @retval None
 228:Core/Src/main.c ****   */
 229:Core/Src/main.c **** void Error_Handler(void)
 230:Core/Src/main.c **** {
 112              		.loc 1 230 1 is_stmt 1 view -0
 113              		.cfi_startproc
 114              		@ Volatile: function does not return.
 115              		@ args = 0, pretend = 0, frame = 0
ARM GAS  C:\Users\HolmesPC\AppData\Local\Temp\ccxm5Brp.s 			page 7


 116              		@ frame_needed = 0, uses_anonymous_args = 0
 117              		@ link register save eliminated.
 231:Core/Src/main.c ****   /* USER CODE BEGIN Error_Handler_Debug */
 232:Core/Src/main.c ****   /* User can add his own implementation to report the HAL error return state */
 233:Core/Src/main.c ****   __disable_irq();
 118              		.loc 1 233 3 view .LVU21
 119              	.LBB5:
 120              	.LBI5:
 121              		.file 2 "Drivers/CMSIS/Include/cmsis_gcc.h"
   1:Drivers/CMSIS/Include/cmsis_gcc.h **** /**************************************************************************//**
   2:Drivers/CMSIS/Include/cmsis_gcc.h ****  * @file     cmsis_gcc.h
   3:Drivers/CMSIS/Include/cmsis_gcc.h ****  * @brief    CMSIS compiler GCC header file
   4:Drivers/CMSIS/Include/cmsis_gcc.h ****  * @version  V5.0.4
   5:Drivers/CMSIS/Include/cmsis_gcc.h ****  * @date     09. April 2018
   6:Drivers/CMSIS/Include/cmsis_gcc.h ****  ******************************************************************************/
   7:Drivers/CMSIS/Include/cmsis_gcc.h **** /*
   8:Drivers/CMSIS/Include/cmsis_gcc.h ****  * Copyright (c) 2009-2018 Arm Limited. All rights reserved.
   9:Drivers/CMSIS/Include/cmsis_gcc.h ****  *
  10:Drivers/CMSIS/Include/cmsis_gcc.h ****  * SPDX-License-Identifier: Apache-2.0
  11:Drivers/CMSIS/Include/cmsis_gcc.h ****  *
  12:Drivers/CMSIS/Include/cmsis_gcc.h ****  * Licensed under the Apache License, Version 2.0 (the License); you may
  13:Drivers/CMSIS/Include/cmsis_gcc.h ****  * not use this file except in compliance with the License.
  14:Drivers/CMSIS/Include/cmsis_gcc.h ****  * You may obtain a copy of the License at
  15:Drivers/CMSIS/Include/cmsis_gcc.h ****  *
  16:Drivers/CMSIS/Include/cmsis_gcc.h ****  * www.apache.org/licenses/LICENSE-2.0
  17:Drivers/CMSIS/Include/cmsis_gcc.h ****  *
  18:Drivers/CMSIS/Include/cmsis_gcc.h ****  * Unless required by applicable law or agreed to in writing, software
  19:Drivers/CMSIS/Include/cmsis_gcc.h ****  * distributed under the License is distributed on an AS IS BASIS, WITHOUT
  20:Drivers/CMSIS/Include/cmsis_gcc.h ****  * WARRANTIES OR CONDITIONS OF ANY KIND, either express or implied.
  21:Drivers/CMSIS/Include/cmsis_gcc.h ****  * See the License for the specific language governing permissions and
  22:Drivers/CMSIS/Include/cmsis_gcc.h ****  * limitations under the License.
  23:Drivers/CMSIS/Include/cmsis_gcc.h ****  */
  24:Drivers/CMSIS/Include/cmsis_gcc.h **** 
  25:Drivers/CMSIS/Include/cmsis_gcc.h **** #ifndef __CMSIS_GCC_H
  26:Drivers/CMSIS/Include/cmsis_gcc.h **** #define __CMSIS_GCC_H
  27:Drivers/CMSIS/Include/cmsis_gcc.h **** 
  28:Drivers/CMSIS/Include/cmsis_gcc.h **** /* ignore some GCC warnings */
  29:Drivers/CMSIS/Include/cmsis_gcc.h **** #pragma GCC diagnostic push
  30:Drivers/CMSIS/Include/cmsis_gcc.h **** #pragma GCC diagnostic ignored "-Wsign-conversion"
  31:Drivers/CMSIS/Include/cmsis_gcc.h **** #pragma GCC diagnostic ignored "-Wconversion"
  32:Drivers/CMSIS/Include/cmsis_gcc.h **** #pragma GCC diagnostic ignored "-Wunused-parameter"
  33:Drivers/CMSIS/Include/cmsis_gcc.h **** 
  34:Drivers/CMSIS/Include/cmsis_gcc.h **** /* Fallback for __has_builtin */
  35:Drivers/CMSIS/Include/cmsis_gcc.h **** #ifndef __has_builtin
  36:Drivers/CMSIS/Include/cmsis_gcc.h ****   #define __has_builtin(x) (0)
  37:Drivers/CMSIS/Include/cmsis_gcc.h **** #endif
  38:Drivers/CMSIS/Include/cmsis_gcc.h **** 
  39:Drivers/CMSIS/Include/cmsis_gcc.h **** /* CMSIS compiler specific defines */
  40:Drivers/CMSIS/Include/cmsis_gcc.h **** #ifndef   __ASM
  41:Drivers/CMSIS/Include/cmsis_gcc.h ****   #define __ASM                                  __asm
  42:Drivers/CMSIS/Include/cmsis_gcc.h **** #endif
  43:Drivers/CMSIS/Include/cmsis_gcc.h **** #ifndef   __INLINE
  44:Drivers/CMSIS/Include/cmsis_gcc.h ****   #define __INLINE                               inline
  45:Drivers/CMSIS/Include/cmsis_gcc.h **** #endif
  46:Drivers/CMSIS/Include/cmsis_gcc.h **** #ifndef   __STATIC_INLINE
  47:Drivers/CMSIS/Include/cmsis_gcc.h ****   #define __STATIC_INLINE                        static inline
  48:Drivers/CMSIS/Include/cmsis_gcc.h **** #endif
ARM GAS  C:\Users\HolmesPC\AppData\Local\Temp\ccxm5Brp.s 			page 8


  49:Drivers/CMSIS/Include/cmsis_gcc.h **** #ifndef   __STATIC_FORCEINLINE                 
  50:Drivers/CMSIS/Include/cmsis_gcc.h ****   #define __STATIC_FORCEINLINE                   __attribute__((always_inline)) static inline
  51:Drivers/CMSIS/Include/cmsis_gcc.h **** #endif                                           
  52:Drivers/CMSIS/Include/cmsis_gcc.h **** #ifndef   __NO_RETURN
  53:Drivers/CMSIS/Include/cmsis_gcc.h ****   #define __NO_RETURN                            __attribute__((__noreturn__))
  54:Drivers/CMSIS/Include/cmsis_gcc.h **** #endif
  55:Drivers/CMSIS/Include/cmsis_gcc.h **** #ifndef   __USED
  56:Drivers/CMSIS/Include/cmsis_gcc.h ****   #define __USED                                 __attribute__((used))
  57:Drivers/CMSIS/Include/cmsis_gcc.h **** #endif
  58:Drivers/CMSIS/Include/cmsis_gcc.h **** #ifndef   __WEAK
  59:Drivers/CMSIS/Include/cmsis_gcc.h ****   #define __WEAK                                 __attribute__((weak))
  60:Drivers/CMSIS/Include/cmsis_gcc.h **** #endif
  61:Drivers/CMSIS/Include/cmsis_gcc.h **** #ifndef   __PACKED
  62:Drivers/CMSIS/Include/cmsis_gcc.h ****   #define __PACKED                               __attribute__((packed, aligned(1)))
  63:Drivers/CMSIS/Include/cmsis_gcc.h **** #endif
  64:Drivers/CMSIS/Include/cmsis_gcc.h **** #ifndef   __PACKED_STRUCT
  65:Drivers/CMSIS/Include/cmsis_gcc.h ****   #define __PACKED_STRUCT                        struct __attribute__((packed, aligned(1)))
  66:Drivers/CMSIS/Include/cmsis_gcc.h **** #endif
  67:Drivers/CMSIS/Include/cmsis_gcc.h **** #ifndef   __PACKED_UNION
  68:Drivers/CMSIS/Include/cmsis_gcc.h ****   #define __PACKED_UNION                         union __attribute__((packed, aligned(1)))
  69:Drivers/CMSIS/Include/cmsis_gcc.h **** #endif
  70:Drivers/CMSIS/Include/cmsis_gcc.h **** #ifndef   __UNALIGNED_UINT32        /* deprecated */
  71:Drivers/CMSIS/Include/cmsis_gcc.h ****   #pragma GCC diagnostic push
  72:Drivers/CMSIS/Include/cmsis_gcc.h ****   #pragma GCC diagnostic ignored "-Wpacked"
  73:Drivers/CMSIS/Include/cmsis_gcc.h ****   #pragma GCC diagnostic ignored "-Wattributes"
  74:Drivers/CMSIS/Include/cmsis_gcc.h ****   struct __attribute__((packed)) T_UINT32 { uint32_t v; };
  75:Drivers/CMSIS/Include/cmsis_gcc.h ****   #pragma GCC diagnostic pop
  76:Drivers/CMSIS/Include/cmsis_gcc.h ****   #define __UNALIGNED_UINT32(x)                  (((struct T_UINT32 *)(x))->v)
  77:Drivers/CMSIS/Include/cmsis_gcc.h **** #endif
  78:Drivers/CMSIS/Include/cmsis_gcc.h **** #ifndef   __UNALIGNED_UINT16_WRITE
  79:Drivers/CMSIS/Include/cmsis_gcc.h ****   #pragma GCC diagnostic push
  80:Drivers/CMSIS/Include/cmsis_gcc.h ****   #pragma GCC diagnostic ignored "-Wpacked"
  81:Drivers/CMSIS/Include/cmsis_gcc.h ****   #pragma GCC diagnostic ignored "-Wattributes"
  82:Drivers/CMSIS/Include/cmsis_gcc.h ****   __PACKED_STRUCT T_UINT16_WRITE { uint16_t v; };
  83:Drivers/CMSIS/Include/cmsis_gcc.h ****   #pragma GCC diagnostic pop
  84:Drivers/CMSIS/Include/cmsis_gcc.h ****   #define __UNALIGNED_UINT16_WRITE(addr, val)    (void)((((struct T_UINT16_WRITE *)(void *)(addr))-
  85:Drivers/CMSIS/Include/cmsis_gcc.h **** #endif
  86:Drivers/CMSIS/Include/cmsis_gcc.h **** #ifndef   __UNALIGNED_UINT16_READ
  87:Drivers/CMSIS/Include/cmsis_gcc.h ****   #pragma GCC diagnostic push
  88:Drivers/CMSIS/Include/cmsis_gcc.h ****   #pragma GCC diagnostic ignored "-Wpacked"
  89:Drivers/CMSIS/Include/cmsis_gcc.h ****   #pragma GCC diagnostic ignored "-Wattributes"
  90:Drivers/CMSIS/Include/cmsis_gcc.h ****   __PACKED_STRUCT T_UINT16_READ { uint16_t v; };
  91:Drivers/CMSIS/Include/cmsis_gcc.h ****   #pragma GCC diagnostic pop
  92:Drivers/CMSIS/Include/cmsis_gcc.h ****   #define __UNALIGNED_UINT16_READ(addr)          (((const struct T_UINT16_READ *)(const void *)(add
  93:Drivers/CMSIS/Include/cmsis_gcc.h **** #endif
  94:Drivers/CMSIS/Include/cmsis_gcc.h **** #ifndef   __UNALIGNED_UINT32_WRITE
  95:Drivers/CMSIS/Include/cmsis_gcc.h ****   #pragma GCC diagnostic push
  96:Drivers/CMSIS/Include/cmsis_gcc.h ****   #pragma GCC diagnostic ignored "-Wpacked"
  97:Drivers/CMSIS/Include/cmsis_gcc.h ****   #pragma GCC diagnostic ignored "-Wattributes"
  98:Drivers/CMSIS/Include/cmsis_gcc.h ****   __PACKED_STRUCT T_UINT32_WRITE { uint32_t v; };
  99:Drivers/CMSIS/Include/cmsis_gcc.h ****   #pragma GCC diagnostic pop
 100:Drivers/CMSIS/Include/cmsis_gcc.h ****   #define __UNALIGNED_UINT32_WRITE(addr, val)    (void)((((struct T_UINT32_WRITE *)(void *)(addr))-
 101:Drivers/CMSIS/Include/cmsis_gcc.h **** #endif
 102:Drivers/CMSIS/Include/cmsis_gcc.h **** #ifndef   __UNALIGNED_UINT32_READ
 103:Drivers/CMSIS/Include/cmsis_gcc.h ****   #pragma GCC diagnostic push
 104:Drivers/CMSIS/Include/cmsis_gcc.h ****   #pragma GCC diagnostic ignored "-Wpacked"
 105:Drivers/CMSIS/Include/cmsis_gcc.h ****   #pragma GCC diagnostic ignored "-Wattributes"
ARM GAS  C:\Users\HolmesPC\AppData\Local\Temp\ccxm5Brp.s 			page 9


 106:Drivers/CMSIS/Include/cmsis_gcc.h ****   __PACKED_STRUCT T_UINT32_READ { uint32_t v; };
 107:Drivers/CMSIS/Include/cmsis_gcc.h ****   #pragma GCC diagnostic pop
 108:Drivers/CMSIS/Include/cmsis_gcc.h ****   #define __UNALIGNED_UINT32_READ(addr)          (((const struct T_UINT32_READ *)(const void *)(add
 109:Drivers/CMSIS/Include/cmsis_gcc.h **** #endif
 110:Drivers/CMSIS/Include/cmsis_gcc.h **** #ifndef   __ALIGNED
 111:Drivers/CMSIS/Include/cmsis_gcc.h ****   #define __ALIGNED(x)                           __attribute__((aligned(x)))
 112:Drivers/CMSIS/Include/cmsis_gcc.h **** #endif
 113:Drivers/CMSIS/Include/cmsis_gcc.h **** #ifndef   __RESTRICT
 114:Drivers/CMSIS/Include/cmsis_gcc.h ****   #define __RESTRICT                             __restrict
 115:Drivers/CMSIS/Include/cmsis_gcc.h **** #endif
 116:Drivers/CMSIS/Include/cmsis_gcc.h **** 
 117:Drivers/CMSIS/Include/cmsis_gcc.h **** 
 118:Drivers/CMSIS/Include/cmsis_gcc.h **** /* ###########################  Core Function Access  ########################### */
 119:Drivers/CMSIS/Include/cmsis_gcc.h **** /** \ingroup  CMSIS_Core_FunctionInterface
 120:Drivers/CMSIS/Include/cmsis_gcc.h ****     \defgroup CMSIS_Core_RegAccFunctions CMSIS Core Register Access Functions
 121:Drivers/CMSIS/Include/cmsis_gcc.h ****   @{
 122:Drivers/CMSIS/Include/cmsis_gcc.h ****  */
 123:Drivers/CMSIS/Include/cmsis_gcc.h **** 
 124:Drivers/CMSIS/Include/cmsis_gcc.h **** /**
 125:Drivers/CMSIS/Include/cmsis_gcc.h ****   \brief   Enable IRQ Interrupts
 126:Drivers/CMSIS/Include/cmsis_gcc.h ****   \details Enables IRQ interrupts by clearing the I-bit in the CPSR.
 127:Drivers/CMSIS/Include/cmsis_gcc.h ****            Can only be executed in Privileged modes.
 128:Drivers/CMSIS/Include/cmsis_gcc.h ****  */
 129:Drivers/CMSIS/Include/cmsis_gcc.h **** __STATIC_FORCEINLINE void __enable_irq(void)
 130:Drivers/CMSIS/Include/cmsis_gcc.h **** {
 131:Drivers/CMSIS/Include/cmsis_gcc.h ****   __ASM volatile ("cpsie i" : : : "memory");
 132:Drivers/CMSIS/Include/cmsis_gcc.h **** }
 133:Drivers/CMSIS/Include/cmsis_gcc.h **** 
 134:Drivers/CMSIS/Include/cmsis_gcc.h **** 
 135:Drivers/CMSIS/Include/cmsis_gcc.h **** /**
 136:Drivers/CMSIS/Include/cmsis_gcc.h ****   \brief   Disable IRQ Interrupts
 137:Drivers/CMSIS/Include/cmsis_gcc.h ****   \details Disables IRQ interrupts by setting the I-bit in the CPSR.
 138:Drivers/CMSIS/Include/cmsis_gcc.h ****            Can only be executed in Privileged modes.
 139:Drivers/CMSIS/Include/cmsis_gcc.h ****  */
 140:Drivers/CMSIS/Include/cmsis_gcc.h **** __STATIC_FORCEINLINE void __disable_irq(void)
 122              		.loc 2 140 27 view .LVU22
 123              	.LBB6:
 141:Drivers/CMSIS/Include/cmsis_gcc.h **** {
 142:Drivers/CMSIS/Include/cmsis_gcc.h ****   __ASM volatile ("cpsid i" : : : "memory");
 124              		.loc 2 142 3 view .LVU23
 125              		.syntax unified
 126              	@ 142 "Drivers/CMSIS/Include/cmsis_gcc.h" 1
 127 0000 72B6     		cpsid i
 128              	@ 0 "" 2
 129              		.thumb
 130              		.syntax unified
 131              	.L6:
 132              	.LBE6:
 133              	.LBE5:
 234:Core/Src/main.c ****   while (1)
 134              		.loc 1 234 3 discriminator 1 view .LVU24
 235:Core/Src/main.c ****   {
 236:Core/Src/main.c ****   }
 135              		.loc 1 236 3 discriminator 1 view .LVU25
 234:Core/Src/main.c ****   while (1)
 136              		.loc 1 234 9 discriminator 1 view .LVU26
 137 0002 FEE7     		b	.L6
ARM GAS  C:\Users\HolmesPC\AppData\Local\Temp\ccxm5Brp.s 			page 10


 138              		.cfi_endproc
 139              	.LFE69:
 141              		.section	.text.MX_USART1_UART_Init,"ax",%progbits
 142              		.align	1
 143              		.syntax unified
 144              		.thumb
 145              		.thumb_func
 147              	MX_USART1_UART_Init:
 148              	.LFB67:
 161:Core/Src/main.c **** 
 149              		.loc 1 161 1 view -0
 150              		.cfi_startproc
 151              		@ args = 0, pretend = 0, frame = 0
 152              		@ frame_needed = 0, uses_anonymous_args = 0
 153 0000 08B5     		push	{r3, lr}
 154              	.LCFI3:
 155              		.cfi_def_cfa_offset 8
 156              		.cfi_offset 3, -8
 157              		.cfi_offset 14, -4
 170:Core/Src/main.c ****   huart1.Init.BaudRate = 115200;
 158              		.loc 1 170 3 view .LVU28
 170:Core/Src/main.c ****   huart1.Init.BaudRate = 115200;
 159              		.loc 1 170 19 is_stmt 0 view .LVU29
 160 0002 0A48     		ldr	r0, .L11
 161 0004 0A4B     		ldr	r3, .L11+4
 162 0006 0360     		str	r3, [r0]
 171:Core/Src/main.c ****   huart1.Init.WordLength = UART_WORDLENGTH_8B;
 163              		.loc 1 171 3 is_stmt 1 view .LVU30
 171:Core/Src/main.c ****   huart1.Init.WordLength = UART_WORDLENGTH_8B;
 164              		.loc 1 171 24 is_stmt 0 view .LVU31
 165 0008 4FF4E133 		mov	r3, #115200
 166 000c 4360     		str	r3, [r0, #4]
 172:Core/Src/main.c ****   huart1.Init.StopBits = UART_STOPBITS_1;
 167              		.loc 1 172 3 is_stmt 1 view .LVU32
 172:Core/Src/main.c ****   huart1.Init.StopBits = UART_STOPBITS_1;
 168              		.loc 1 172 26 is_stmt 0 view .LVU33
 169 000e 0023     		movs	r3, #0
 170 0010 8360     		str	r3, [r0, #8]
 173:Core/Src/main.c ****   huart1.Init.Parity = UART_PARITY_NONE;
 171              		.loc 1 173 3 is_stmt 1 view .LVU34
 173:Core/Src/main.c ****   huart1.Init.Parity = UART_PARITY_NONE;
 172              		.loc 1 173 24 is_stmt 0 view .LVU35
 173 0012 C360     		str	r3, [r0, #12]
 174:Core/Src/main.c ****   huart1.Init.Mode = UART_MODE_TX_RX;
 174              		.loc 1 174 3 is_stmt 1 view .LVU36
 174:Core/Src/main.c ****   huart1.Init.Mode = UART_MODE_TX_RX;
 175              		.loc 1 174 22 is_stmt 0 view .LVU37
 176 0014 0361     		str	r3, [r0, #16]
 175:Core/Src/main.c ****   huart1.Init.HwFlowCtl = UART_HWCONTROL_NONE;
 177              		.loc 1 175 3 is_stmt 1 view .LVU38
 175:Core/Src/main.c ****   huart1.Init.HwFlowCtl = UART_HWCONTROL_NONE;
 178              		.loc 1 175 20 is_stmt 0 view .LVU39
 179 0016 0C22     		movs	r2, #12
 180 0018 4261     		str	r2, [r0, #20]
 176:Core/Src/main.c ****   huart1.Init.OverSampling = UART_OVERSAMPLING_16;
 181              		.loc 1 176 3 is_stmt 1 view .LVU40
 176:Core/Src/main.c ****   huart1.Init.OverSampling = UART_OVERSAMPLING_16;
ARM GAS  C:\Users\HolmesPC\AppData\Local\Temp\ccxm5Brp.s 			page 11


 182              		.loc 1 176 25 is_stmt 0 view .LVU41
 183 001a 8361     		str	r3, [r0, #24]
 177:Core/Src/main.c ****   if (HAL_UART_Init(&huart1) != HAL_OK)
 184              		.loc 1 177 3 is_stmt 1 view .LVU42
 177:Core/Src/main.c ****   if (HAL_UART_Init(&huart1) != HAL_OK)
 185              		.loc 1 177 28 is_stmt 0 view .LVU43
 186 001c C361     		str	r3, [r0, #28]
 178:Core/Src/main.c ****   {
 187              		.loc 1 178 3 is_stmt 1 view .LVU44
 178:Core/Src/main.c ****   {
 188              		.loc 1 178 7 is_stmt 0 view .LVU45
 189 001e FFF7FEFF 		bl	HAL_UART_Init
 190              	.LVL2:
 178:Core/Src/main.c ****   {
 191              		.loc 1 178 6 view .LVU46
 192 0022 00B9     		cbnz	r0, .L10
 186:Core/Src/main.c **** 
 193              		.loc 1 186 1 view .LVU47
 194 0024 08BD     		pop	{r3, pc}
 195              	.L10:
 180:Core/Src/main.c ****   }
 196              		.loc 1 180 5 is_stmt 1 view .LVU48
 197 0026 FFF7FEFF 		bl	Error_Handler
 198              	.LVL3:
 199              	.L12:
 200 002a 00BF     		.align	2
 201              	.L11:
 202 002c 00000000 		.word	.LANCHOR0
 203 0030 00380140 		.word	1073821696
 204              		.cfi_endproc
 205              	.LFE67:
 207              		.section	.text.SystemClock_Config,"ax",%progbits
 208              		.align	1
 209              		.global	SystemClock_Config
 210              		.syntax unified
 211              		.thumb
 212              		.thumb_func
 214              	SystemClock_Config:
 215              	.LFB66:
 122:Core/Src/main.c ****   RCC_OscInitTypeDef RCC_OscInitStruct = {0};
 216              		.loc 1 122 1 view -0
 217              		.cfi_startproc
 218              		@ args = 0, pretend = 0, frame = 64
 219              		@ frame_needed = 0, uses_anonymous_args = 0
 220 0000 00B5     		push	{lr}
 221              	.LCFI4:
 222              		.cfi_def_cfa_offset 4
 223              		.cfi_offset 14, -4
 224 0002 91B0     		sub	sp, sp, #68
 225              	.LCFI5:
 226              		.cfi_def_cfa_offset 72
 123:Core/Src/main.c ****   RCC_ClkInitTypeDef RCC_ClkInitStruct = {0};
 227              		.loc 1 123 3 view .LVU50
 123:Core/Src/main.c ****   RCC_ClkInitTypeDef RCC_ClkInitStruct = {0};
 228              		.loc 1 123 22 is_stmt 0 view .LVU51
 229 0004 2822     		movs	r2, #40
 230 0006 0021     		movs	r1, #0
ARM GAS  C:\Users\HolmesPC\AppData\Local\Temp\ccxm5Brp.s 			page 12


 231 0008 06A8     		add	r0, sp, #24
 232 000a FFF7FEFF 		bl	memset
 233              	.LVL4:
 124:Core/Src/main.c **** 
 234              		.loc 1 124 3 is_stmt 1 view .LVU52
 124:Core/Src/main.c **** 
 235              		.loc 1 124 22 is_stmt 0 view .LVU53
 236 000e 0023     		movs	r3, #0
 237 0010 0193     		str	r3, [sp, #4]
 238 0012 0293     		str	r3, [sp, #8]
 239 0014 0393     		str	r3, [sp, #12]
 240 0016 0493     		str	r3, [sp, #16]
 241 0018 0593     		str	r3, [sp, #20]
 129:Core/Src/main.c ****   RCC_OscInitStruct.HSIState = RCC_HSI_ON;
 242              		.loc 1 129 3 is_stmt 1 view .LVU54
 129:Core/Src/main.c ****   RCC_OscInitStruct.HSIState = RCC_HSI_ON;
 243              		.loc 1 129 36 is_stmt 0 view .LVU55
 244 001a 0223     		movs	r3, #2
 245 001c 0693     		str	r3, [sp, #24]
 130:Core/Src/main.c ****   RCC_OscInitStruct.HSICalibrationValue = RCC_HSICALIBRATION_DEFAULT;
 246              		.loc 1 130 3 is_stmt 1 view .LVU56
 130:Core/Src/main.c ****   RCC_OscInitStruct.HSICalibrationValue = RCC_HSICALIBRATION_DEFAULT;
 247              		.loc 1 130 30 is_stmt 0 view .LVU57
 248 001e 0122     		movs	r2, #1
 249 0020 0A92     		str	r2, [sp, #40]
 131:Core/Src/main.c ****   RCC_OscInitStruct.PLL.PLLState = RCC_PLL_ON;
 250              		.loc 1 131 3 is_stmt 1 view .LVU58
 131:Core/Src/main.c ****   RCC_OscInitStruct.PLL.PLLState = RCC_PLL_ON;
 251              		.loc 1 131 41 is_stmt 0 view .LVU59
 252 0022 1022     		movs	r2, #16
 253 0024 0B92     		str	r2, [sp, #44]
 132:Core/Src/main.c ****   RCC_OscInitStruct.PLL.PLLSource = RCC_PLLSOURCE_HSI_DIV2;
 254              		.loc 1 132 3 is_stmt 1 view .LVU60
 132:Core/Src/main.c ****   RCC_OscInitStruct.PLL.PLLSource = RCC_PLLSOURCE_HSI_DIV2;
 255              		.loc 1 132 34 is_stmt 0 view .LVU61
 256 0026 0D93     		str	r3, [sp, #52]
 133:Core/Src/main.c ****   RCC_OscInitStruct.PLL.PLLMUL = RCC_PLL_MUL9;
 257              		.loc 1 133 3 is_stmt 1 view .LVU62
 134:Core/Src/main.c ****   if (HAL_RCC_OscConfig(&RCC_OscInitStruct) != HAL_OK)
 258              		.loc 1 134 3 view .LVU63
 134:Core/Src/main.c ****   if (HAL_RCC_OscConfig(&RCC_OscInitStruct) != HAL_OK)
 259              		.loc 1 134 32 is_stmt 0 view .LVU64
 260 0028 4FF4E013 		mov	r3, #1835008
 261 002c 0F93     		str	r3, [sp, #60]
 135:Core/Src/main.c ****   {
 262              		.loc 1 135 3 is_stmt 1 view .LVU65
 135:Core/Src/main.c ****   {
 263              		.loc 1 135 7 is_stmt 0 view .LVU66
 264 002e 06A8     		add	r0, sp, #24
 265 0030 FFF7FEFF 		bl	HAL_RCC_OscConfig
 266              	.LVL5:
 135:Core/Src/main.c ****   {
 267              		.loc 1 135 6 view .LVU67
 268 0034 88B9     		cbnz	r0, .L17
 142:Core/Src/main.c ****                               |RCC_CLOCKTYPE_PCLK1|RCC_CLOCKTYPE_PCLK2;
 269              		.loc 1 142 3 is_stmt 1 view .LVU68
 142:Core/Src/main.c ****                               |RCC_CLOCKTYPE_PCLK1|RCC_CLOCKTYPE_PCLK2;
ARM GAS  C:\Users\HolmesPC\AppData\Local\Temp\ccxm5Brp.s 			page 13


 270              		.loc 1 142 31 is_stmt 0 view .LVU69
 271 0036 0F23     		movs	r3, #15
 272 0038 0193     		str	r3, [sp, #4]
 144:Core/Src/main.c ****   RCC_ClkInitStruct.AHBCLKDivider = RCC_SYSCLK_DIV1;
 273              		.loc 1 144 3 is_stmt 1 view .LVU70
 144:Core/Src/main.c ****   RCC_ClkInitStruct.AHBCLKDivider = RCC_SYSCLK_DIV1;
 274              		.loc 1 144 34 is_stmt 0 view .LVU71
 275 003a 0223     		movs	r3, #2
 276 003c 0293     		str	r3, [sp, #8]
 145:Core/Src/main.c ****   RCC_ClkInitStruct.APB1CLKDivider = RCC_HCLK_DIV2;
 277              		.loc 1 145 3 is_stmt 1 view .LVU72
 145:Core/Src/main.c ****   RCC_ClkInitStruct.APB1CLKDivider = RCC_HCLK_DIV2;
 278              		.loc 1 145 35 is_stmt 0 view .LVU73
 279 003e 0023     		movs	r3, #0
 280 0040 0393     		str	r3, [sp, #12]
 146:Core/Src/main.c ****   RCC_ClkInitStruct.APB2CLKDivider = RCC_HCLK_DIV1;
 281              		.loc 1 146 3 is_stmt 1 view .LVU74
 146:Core/Src/main.c ****   RCC_ClkInitStruct.APB2CLKDivider = RCC_HCLK_DIV1;
 282              		.loc 1 146 36 is_stmt 0 view .LVU75
 283 0042 4FF48062 		mov	r2, #1024
 284 0046 0492     		str	r2, [sp, #16]
 147:Core/Src/main.c **** 
 285              		.loc 1 147 3 is_stmt 1 view .LVU76
 147:Core/Src/main.c **** 
 286              		.loc 1 147 36 is_stmt 0 view .LVU77
 287 0048 0593     		str	r3, [sp, #20]
 149:Core/Src/main.c ****   {
 288              		.loc 1 149 3 is_stmt 1 view .LVU78
 149:Core/Src/main.c ****   {
 289              		.loc 1 149 7 is_stmt 0 view .LVU79
 290 004a 0121     		movs	r1, #1
 291 004c 01A8     		add	r0, sp, #4
 292 004e FFF7FEFF 		bl	HAL_RCC_ClockConfig
 293              	.LVL6:
 149:Core/Src/main.c ****   {
 294              		.loc 1 149 6 view .LVU80
 295 0052 20B9     		cbnz	r0, .L18
 153:Core/Src/main.c **** 
 296              		.loc 1 153 1 view .LVU81
 297 0054 11B0     		add	sp, sp, #68
 298              	.LCFI6:
 299              		.cfi_remember_state
 300              		.cfi_def_cfa_offset 4
 301              		@ sp needed
 302 0056 5DF804FB 		ldr	pc, [sp], #4
 303              	.L17:
 304              	.LCFI7:
 305              		.cfi_restore_state
 137:Core/Src/main.c ****   }
 306              		.loc 1 137 5 is_stmt 1 view .LVU82
 307 005a FFF7FEFF 		bl	Error_Handler
 308              	.LVL7:
 309              	.L18:
 151:Core/Src/main.c ****   }
 310              		.loc 1 151 5 view .LVU83
 311 005e FFF7FEFF 		bl	Error_Handler
 312              	.LVL8:
ARM GAS  C:\Users\HolmesPC\AppData\Local\Temp\ccxm5Brp.s 			page 14


 313              		.cfi_endproc
 314              	.LFE66:
 316              		.section	.rodata.main.str1.4,"aMS",%progbits,1
 317              		.align	2
 318              	.LC0:
 319 0000 48652074 		.ascii	"He thong RS485 OK\000"
 319      686F6E67 
 319      20525334 
 319      3835204F 
 319      4B00
 320 0012 0000     		.align	2
 321              	.LC1:
 322 0014 48656C6C 		.ascii	"Hello from STM32 over RS485!\015\012\000"
 322      6F206672 
 322      6F6D2053 
 322      544D3332 
 322      206F7665 
 323              		.section	.text.main,"ax",%progbits
 324              		.align	1
 325              		.global	main
 326              		.syntax unified
 327              		.thumb
 328              		.thumb_func
 330              	main:
 331              	.LFB65:
  69:Core/Src/main.c **** 
 332              		.loc 1 69 1 view -0
 333              		.cfi_startproc
 334              		@ Volatile: function does not return.
 335              		@ args = 0, pretend = 0, frame = 0
 336              		@ frame_needed = 0, uses_anonymous_args = 0
 337 0000 08B5     		push	{r3, lr}
 338              	.LCFI8:
 339              		.cfi_def_cfa_offset 8
 340              		.cfi_offset 3, -8
 341              		.cfi_offset 14, -4
  78:Core/Src/main.c **** 
 342              		.loc 1 78 3 view .LVU85
 343 0002 FFF7FEFF 		bl	HAL_Init
 344              	.LVL9:
  85:Core/Src/main.c **** 
 345              		.loc 1 85 3 view .LVU86
 346 0006 FFF7FEFF 		bl	SystemClock_Config
 347              	.LVL10:
  92:Core/Src/main.c ****   MX_USART1_UART_Init();
 348              		.loc 1 92 3 view .LVU87
 349 000a FFF7FEFF 		bl	MX_GPIO_Init
 350              	.LVL11:
  93:Core/Src/main.c ****   /* USER CODE BEGIN 2 */
 351              		.loc 1 93 3 view .LVU88
 352 000e FFF7FEFF 		bl	MX_USART1_UART_Init
 353              	.LVL12:
  96:Core/Src/main.c ****   
 354              		.loc 1 96 3 view .LVU89
 355 0012 FFF7FEFF 		bl	LCD_Init
 356              	.LVL13:
  98:Core/Src/main.c ****   LCD_String("He thong RS485 OK");
ARM GAS  C:\Users\HolmesPC\AppData\Local\Temp\ccxm5Brp.s 			page 15


 357              		.loc 1 98 3 view .LVU90
 358 0016 0021     		movs	r1, #0
 359 0018 0846     		mov	r0, r1
 360 001a FFF7FEFF 		bl	LCD_SetCursor
 361              	.LVL14:
  99:Core/Src/main.c **** 
 362              		.loc 1 99 3 view .LVU91
 363 001e 0448     		ldr	r0, .L22
 364 0020 FFF7FEFF 		bl	LCD_String
 365              	.LVL15:
 101:Core/Src/main.c ****   RS485_SendString("Hello from STM32 over RS485!\r\n");
 366              		.loc 1 101 3 view .LVU92
 367 0024 FFF7FEFF 		bl	RS485_Init
 368              	.LVL16:
 102:Core/Src/main.c **** 
 369              		.loc 1 102 3 view .LVU93
 370 0028 0248     		ldr	r0, .L22+4
 371 002a FFF7FEFF 		bl	RS485_SendString
 372              	.LVL17:
 373              	.L20:
 108:Core/Src/main.c ****   {
 374              		.loc 1 108 3 discriminator 1 view .LVU94
 113:Core/Src/main.c ****   /* USER CODE END 3 */
 375              		.loc 1 113 3 discriminator 1 view .LVU95
 108:Core/Src/main.c ****   {
 376              		.loc 1 108 9 discriminator 1 view .LVU96
 377 002e FEE7     		b	.L20
 378              	.L23:
 379              		.align	2
 380              	.L22:
 381 0030 00000000 		.word	.LC0
 382 0034 14000000 		.word	.LC1
 383              		.cfi_endproc
 384              	.LFE65:
 386              		.global	huart1
 387              		.section	.bss.huart1,"aw",%nobits
 388              		.align	2
 389              		.set	.LANCHOR0,. + 0
 392              	huart1:
 393 0000 00000000 		.space	72
 393      00000000 
 393      00000000 
 393      00000000 
 393      00000000 
 394              		.text
 395              	.Letext0:
 396              		.file 3 "c:\\program files (x86)\\gnu arm embedded toolchain\\10 2021.10\\arm-none-eabi\\include\\
 397              		.file 4 "c:\\program files (x86)\\gnu arm embedded toolchain\\10 2021.10\\arm-none-eabi\\include\\
 398              		.file 5 "Drivers/CMSIS/Device/ST/STM32F1xx/Include/stm32f103xb.h"
 399              		.file 6 "Drivers/STM32F1xx_HAL_Driver/Inc/stm32f1xx_hal_def.h"
 400              		.file 7 "Drivers/STM32F1xx_HAL_Driver/Inc/stm32f1xx_hal_rcc.h"
 401              		.file 8 "Drivers/STM32F1xx_HAL_Driver/Inc/stm32f1xx_hal_rcc_ex.h"
 402              		.file 9 "Drivers/STM32F1xx_HAL_Driver/Inc/stm32f1xx_hal_gpio.h"
 403              		.file 10 "Drivers/STM32F1xx_HAL_Driver/Inc/stm32f1xx_hal_dma.h"
 404              		.file 11 "Drivers/STM32F1xx_HAL_Driver/Inc/stm32f1xx_hal_uart.h"
 405              		.file 12 "Drivers/STM32F1xx_HAL_Driver/Inc/stm32f1xx_hal.h"
 406              		.file 13 "Core/Inc/lcd20x4.h"
ARM GAS  C:\Users\HolmesPC\AppData\Local\Temp\ccxm5Brp.s 			page 16


 407              		.file 14 "Core/Inc/rs485.h"
 408              		.file 15 "<built-in>"
ARM GAS  C:\Users\HolmesPC\AppData\Local\Temp\ccxm5Brp.s 			page 17


DEFINED SYMBOLS
                            *ABS*:00000000 main.c
C:\Users\HolmesPC\AppData\Local\Temp\ccxm5Brp.s:18     .text.MX_GPIO_Init:00000000 $t
C:\Users\HolmesPC\AppData\Local\Temp\ccxm5Brp.s:23     .text.MX_GPIO_Init:00000000 MX_GPIO_Init
C:\Users\HolmesPC\AppData\Local\Temp\ccxm5Brp.s:98     .text.MX_GPIO_Init:0000004c $d
C:\Users\HolmesPC\AppData\Local\Temp\ccxm5Brp.s:104    .text.Error_Handler:00000000 $t
C:\Users\HolmesPC\AppData\Local\Temp\ccxm5Brp.s:110    .text.Error_Handler:00000000 Error_Handler
C:\Users\HolmesPC\AppData\Local\Temp\ccxm5Brp.s:142    .text.MX_USART1_UART_Init:00000000 $t
C:\Users\HolmesPC\AppData\Local\Temp\ccxm5Brp.s:147    .text.MX_USART1_UART_Init:00000000 MX_USART1_UART_Init
C:\Users\HolmesPC\AppData\Local\Temp\ccxm5Brp.s:202    .text.MX_USART1_UART_Init:0000002c $d
C:\Users\HolmesPC\AppData\Local\Temp\ccxm5Brp.s:208    .text.SystemClock_Config:00000000 $t
C:\Users\HolmesPC\AppData\Local\Temp\ccxm5Brp.s:214    .text.SystemClock_Config:00000000 SystemClock_Config
C:\Users\HolmesPC\AppData\Local\Temp\ccxm5Brp.s:317    .rodata.main.str1.4:00000000 $d
C:\Users\HolmesPC\AppData\Local\Temp\ccxm5Brp.s:324    .text.main:00000000 $t
C:\Users\HolmesPC\AppData\Local\Temp\ccxm5Brp.s:330    .text.main:00000000 main
C:\Users\HolmesPC\AppData\Local\Temp\ccxm5Brp.s:381    .text.main:00000030 $d
C:\Users\HolmesPC\AppData\Local\Temp\ccxm5Brp.s:392    .bss.huart1:00000000 huart1
C:\Users\HolmesPC\AppData\Local\Temp\ccxm5Brp.s:388    .bss.huart1:00000000 $d

UNDEFINED SYMBOLS
HAL_GPIO_WritePin
HAL_GPIO_Init
HAL_UART_Init
memset
HAL_RCC_OscConfig
HAL_RCC_ClockConfig
HAL_Init
LCD_Init
LCD_SetCursor
LCD_String
RS485_Init
RS485_SendString
